TN:
SF:/Volumes/LB1731.2/course/solutions/13-add-some-tests/node_modules/angular2-template-loader/index.js!/Volumes/LB1731.2/course/solutions/13-add-some-tests/node_modules/tslint-loader/index.js!/Volumes/LB1731.2/course/solutions/13-add-some-tests/src/test.ts
FN:15,(anonymous_1)
FN:23,(anonymous_2)
FN:30,(anonymous_3)
FN:32,(anonymous_4)
FNF:4
FNH:4
FNDA:1,(anonymous_1)
FNDA:1,(anonymous_2)
FNDA:1,(anonymous_3)
FNDA:1,(anonymous_4)
DA:1,1
DA:3,1
DA:4,1
DA:5,1
DA:6,1
DA:7,1
DA:8,1
DA:15,1
DA:18,1
DA:24,1
DA:30,1
DA:32,1
LF:12
LH:12
BRF:0
BRH:0
end_of_record
TN:
SF:/Volumes/LB1731.2/course/solutions/13-add-some-tests/node_modules/angular2-template-loader/index.js!/Volumes/LB1731.2/course/solutions/13-add-some-tests/node_modules/tslint-loader/index.js!/Volumes/LB1731.2/course/solutions/13-add-some-tests/src/polyfills.ts
FNF:0
FNH:0
DA:3,1
DA:4,1
DA:5,1
DA:6,1
DA:7,1
DA:8,1
DA:9,1
DA:10,1
DA:11,1
DA:12,1
DA:13,1
DA:14,1
DA:15,1
DA:16,1
DA:18,1
DA:19,1
LF:16
LH:16
BRF:0
BRH:0
end_of_record
TN:
SF:/Volumes/LB1731.2/course/solutions/13-add-some-tests/node_modules/angular2-template-loader/index.js!/Volumes/LB1731.2/course/solutions/13-add-some-tests/node_modules/tslint-loader/index.js!/Volumes/LB1731.2/course/solutions/13-add-some-tests/src/app/app.component.ts
FN:8,(anonymous_3)
FNF:1
FNH:1
FNDA:3,(anonymous_3)
DA:1,1
DA:3,1
DA:8,2
DA:9,1
LF:4
LH:4
BRF:0
BRH:0
end_of_record
TN:
SF:/Volumes/LB1731.2/course/solutions/13-add-some-tests/node_modules/angular2-template-loader/index.js!/Volumes/LB1731.2/course/solutions/13-add-some-tests/node_modules/tslint-loader/index.js!/Volumes/LB1731.2/course/solutions/13-add-some-tests/src/app/sidebar/index.ts
FNF:0
FNH:0
DA:1,1
LF:1
LH:1
BRF:0
BRH:0
end_of_record
TN:
SF:/Volumes/LB1731.2/course/solutions/13-add-some-tests/node_modules/angular2-template-loader/index.js!/Volumes/LB1731.2/course/solutions/13-add-some-tests/node_modules/tslint-loader/index.js!/Volumes/LB1731.2/course/solutions/13-add-some-tests/src/app/sidebar/sidebar.component.ts
FN:21,(anonymous_3)
FN:30,SidebarComponent
FN:32,(anonymous_5)
FN:36,(anonymous_6)
FN:37,(anonymous_7)
FN:38,(anonymous_8)
FN:39,(anonymous_9)
FN:45,(anonymous_10)
FN:46,(anonymous_11)
FN:48,(anonymous_12)
FN:50,(anonymous_13)
FN:52,(anonymous_14)
FN:55,(anonymous_15)
FNF:13
FNH:2
FNDA:1,(anonymous_3)
FNDA:1,SidebarComponent
FNDA:0,(anonymous_5)
FNDA:0,(anonymous_6)
FNDA:0,(anonymous_7)
FNDA:0,(anonymous_8)
FNDA:0,(anonymous_9)
FNDA:0,(anonymous_10)
FNDA:0,(anonymous_11)
FNDA:0,(anonymous_12)
FNDA:0,(anonymous_13)
FNDA:0,(anonymous_14)
FNDA:0,(anonymous_15)
DA:1,1
DA:2,1
DA:3,1
DA:4,1
DA:8,1
DA:9,1
DA:10,1
DA:11,1
DA:12,1
DA:13,1
DA:14,1
DA:16,1
DA:21,1
DA:24,1
DA:25,1
DA:27,1
DA:30,1
DA:32,1
DA:33,0
DA:35,0
DA:36,0
DA:37,0
DA:38,0
DA:39,0
DA:40,0
DA:46,0
DA:49,0
DA:50,0
DA:52,0
DA:55,1
DA:56,0
DA:57,0
DA:59,1
LF:33
LH:20
BRF:0
BRH:0
end_of_record
TN:
SF:/Volumes/LB1731.2/course/solutions/13-add-some-tests/node_modules/angular2-template-loader/index.js!/Volumes/LB1731.2/course/solutions/13-add-some-tests/node_modules/tslint-loader/index.js!/Volumes/LB1731.2/course/solutions/13-add-some-tests/src/app/shared/index.ts
FNF:0
FNH:0
DA:1,1
DA:2,1
DA:3,1
DA:4,1
DA:5,1
LF:5
LH:5
BRF:0
BRH:0
end_of_record
TN:
SF:/Volumes/LB1731.2/course/solutions/13-add-some-tests/node_modules/angular2-template-loader/index.js!/Volumes/LB1731.2/course/solutions/13-add-some-tests/node_modules/tslint-loader/index.js!/Volumes/LB1731.2/course/solutions/13-add-some-tests/src/app/shared/coordinate.ts
FNF:0
FNH:0
LF:0
LH:0
BRF:0
BRH:0
end_of_record
TN:
SF:/Volumes/LB1731.2/course/solutions/13-add-some-tests/node_modules/angular2-template-loader/index.js!/Volumes/LB1731.2/course/solutions/13-add-some-tests/node_modules/tslint-loader/index.js!/Volumes/LB1731.2/course/solutions/13-add-some-tests/src/app/shared/location.service.ts
FN:11,(anonymous_3)
FN:15,LocationService
FN:17,(anonymous_5)
FN:18,(anonymous_6)
FN:20,(anonymous_7)
FN:21,(anonymous_8)
FN:23,(anonymous_9)
FN:33,(anonymous_10)
FN:37,(anonymous_11)
FNF:9
FNH:2
FNDA:1,(anonymous_3)
FNDA:2,LocationService
FNDA:0,(anonymous_5)
FNDA:0,(anonymous_6)
FNDA:0,(anonymous_7)
FNDA:0,(anonymous_8)
FNDA:0,(anonymous_9)
FNDA:0,(anonymous_10)
FNDA:0,(anonymous_11)
DA:1,1
DA:3,1
DA:4,1
DA:5,1
DA:6,1
DA:10,1
DA:11,1
DA:15,1
DA:16,2
DA:18,0
DA:19,0
DA:20,0
DA:21,0
DA:24,0
DA:33,1
DA:34,0
DA:37,1
DA:39,0
DA:40,0
DA:42,0
DA:44,0
DA:48,1
LF:22
LH:12
BRF:0
BRH:0
end_of_record
TN:
SF:/Volumes/LB1731.2/course/solutions/13-add-some-tests/node_modules/angular2-template-loader/index.js!/Volumes/LB1731.2/course/solutions/13-add-some-tests/node_modules/tslint-loader/index.js!/Volumes/LB1731.2/course/solutions/13-add-some-tests/src/app/shared/pipes/index.ts
FNF:0
FNH:0
DA:1,1
DA:2,1
DA:3,1
LF:3
LH:3
BRF:0
BRH:0
end_of_record
TN:
SF:/Volumes/LB1731.2/course/solutions/13-add-some-tests/node_modules/angular2-template-loader/index.js!/Volumes/LB1731.2/course/solutions/13-add-some-tests/node_modules/tslint-loader/index.js!/Volumes/LB1731.2/course/solutions/13-add-some-tests/src/app/shared/pipes/default-description.pipe.ts
FN:6,(anonymous_3)
FN:8,(anonymous_5)
FNF:2
FNH:2
FNDA:4,(anonymous_3)
FNDA:4,(anonymous_5)
DA:1,1
DA:3,1
DA:6,2
DA:8,1
DA:9,4
DA:12,1
LF:6
LH:6
BRDA:9,1,0,4
BRDA:9,1,1,3
BRF:2
BRH:2
end_of_record
TN:
SF:/Volumes/LB1731.2/course/solutions/13-add-some-tests/node_modules/angular2-template-loader/index.js!/Volumes/LB1731.2/course/solutions/13-add-some-tests/node_modules/tslint-loader/index.js!/Volumes/LB1731.2/course/solutions/13-add-some-tests/src/app/shared/pipes/distance.pipe.ts
FN:10,(anonymous_3)
FN:14,DistancePipe
FN:15,(anonymous_5)
FN:18,(anonymous_6)
FNF:4
FNH:4
FNDA:1,(anonymous_3)
FNDA:3,DistancePipe
FNDA:3,(anonymous_5)
FNDA:2,(anonymous_6)
DA:1,1
DA:3,1
DA:6,1
DA:10,4
DA:14,3
DA:15,3
DA:18,1
DA:19,2
DA:20,1
DA:22,1
DA:25,1
LF:11
LH:11
BRDA:19,1,0,1
BRDA:19,1,1,1
BRF:2
BRH:2
end_of_record
TN:
SF:/Volumes/LB1731.2/course/solutions/13-add-some-tests/node_modules/angular2-template-loader/index.js!/Volumes/LB1731.2/course/solutions/13-add-some-tests/node_modules/tslint-loader/index.js!/Volumes/LB1731.2/course/solutions/13-add-some-tests/src/app/shared/pipes/humanize-distance.pipe.ts
FN:6,(anonymous_3)
FN:8,(anonymous_5)
FNF:2
FNH:2
FNDA:5,(anonymous_3)
FNDA:10,(anonymous_5)
DA:1,1
DA:3,1
DA:6,2
DA:8,1
DA:9,10
DA:10,2
DA:12,8
DA:13,8
DA:14,4
DA:15,4
DA:16,3
DA:18,1
DA:20,1
LF:13
LH:13
BRDA:9,1,0,2
BRDA:9,1,1,8
BRDA:13,2,0,4
BRDA:13,2,1,4
BRDA:15,3,0,3
BRDA:15,3,1,1
BRF:6
BRH:6
end_of_record
TN:
SF:/Volumes/LB1731.2/course/solutions/13-add-some-tests/node_modules/angular2-template-loader/index.js!/Volumes/LB1731.2/course/solutions/13-add-some-tests/node_modules/tslint-loader/index.js!/Volumes/LB1731.2/course/solutions/13-add-some-tests/src/app/shared/playground.ts
FNF:0
FNH:0
LF:0
LH:0
BRF:0
BRH:0
end_of_record
TN:
SF:/Volumes/LB1731.2/course/solutions/13-add-some-tests/node_modules/angular2-template-loader/index.js!/Volumes/LB1731.2/course/solutions/13-add-some-tests/node_modules/tslint-loader/index.js!/Volumes/LB1731.2/course/solutions/13-add-some-tests/src/app/shared/playground.service.ts
FN:33,(anonymous_3)
FN:37,PlaygroundService
FN:39,(anonymous_5)
FN:41,(anonymous_6)
FN:56,(anonymous_7)
FN:62,(anonymous_8)
FN:66,(anonymous_9)
FN:67,(anonymous_10)
FN:67,(anonymous_11)
FNF:9
FNH:5
FNDA:1,(anonymous_3)
FNDA:1,PlaygroundService
FNDA:1,(anonymous_5)
FNDA:3,(anonymous_6)
FNDA:0,(anonymous_7)
FNDA:1,(anonymous_8)
FNDA:0,(anonymous_9)
FNDA:0,(anonymous_10)
FNDA:0,(anonymous_11)
DA:1,1
DA:2,1
DA:4,1
DA:5,1
DA:6,1
DA:7,1
DA:8,1
DA:32,1
DA:33,1
DA:37,1
DA:38,1
DA:40,1
DA:41,1
DA:42,3
DA:57,0
DA:58,0
DA:62,1
DA:63,1
DA:66,1
DA:67,0
DA:69,1
LF:21
LH:18
BRF:0
BRH:0
end_of_record
TN:
SF:/Volumes/LB1731.2/course/solutions/13-add-some-tests/node_modules/angular2-template-loader/index.js!/Volumes/LB1731.2/course/solutions/13-add-some-tests/node_modules/tslint-loader/index.js!/Volumes/LB1731.2/course/solutions/13-add-some-tests/src/app/footer/index.ts
FNF:0
FNH:0
DA:1,1
LF:1
LH:1
BRF:0
BRH:0
end_of_record
TN:
SF:/Volumes/LB1731.2/course/solutions/13-add-some-tests/node_modules/angular2-template-loader/index.js!/Volumes/LB1731.2/course/solutions/13-add-some-tests/node_modules/tslint-loader/index.js!/Volumes/LB1731.2/course/solutions/13-add-some-tests/src/app/footer/footer.component.ts
FN:9,(anonymous_3)
FNF:1
FNH:1
FNDA:2,(anonymous_3)
DA:1,1
DA:3,1
DA:4,1
DA:9,2
DA:11,1
DA:13,1
LF:6
LH:6
BRF:0
BRH:0
end_of_record
TN:
SF:/Volumes/LB1731.2/course/solutions/13-add-some-tests/node_modules/angular2-template-loader/index.js!/Volumes/LB1731.2/course/solutions/13-add-some-tests/node_modules/tslint-loader/index.js!/Volumes/LB1731.2/course/solutions/13-add-some-tests/src/app/map/index.ts
FNF:0
FNH:0
DA:1,1
LF:1
LH:1
BRF:0
BRH:0
end_of_record
TN:
SF:/Volumes/LB1731.2/course/solutions/13-add-some-tests/node_modules/angular2-template-loader/index.js!/Volumes/LB1731.2/course/solutions/13-add-some-tests/node_modules/tslint-loader/index.js!/Volumes/LB1731.2/course/solutions/13-add-some-tests/src/app/map/map.component.ts
FN:18,(anonymous_3)
FN:27,MapComponent
FN:31,(anonymous_5)
FN:32,(anonymous_6)
FN:35,(anonymous_7)
FN:37,(anonymous_8)
FN:41,(anonymous_9)
FNF:7
FNH:1
FNDA:1,(anonymous_3)
FNDA:0,MapComponent
FNDA:0,(anonymous_5)
FNDA:0,(anonymous_6)
FNDA:0,(anonymous_7)
FNDA:0,(anonymous_8)
FNDA:0,(anonymous_9)
DA:1,1
DA:4,1
DA:5,1
DA:8,1
DA:9,1
DA:10,1
DA:13,1
DA:18,1
DA:22,0
DA:24,1
DA:27,1
DA:31,1
DA:32,0
DA:33,0
DA:35,0
DA:36,0
DA:37,0
DA:41,1
DA:42,0
DA:43,0
DA:44,0
DA:47,1
LF:22
LH:13
BRF:0
BRH:0
end_of_record
TN:
SF:/Volumes/LB1731.2/course/solutions/13-add-some-tests/node_modules/angular2-template-loader/index.js!/Volumes/LB1731.2/course/solutions/13-add-some-tests/node_modules/tslint-loader/index.js!/Volumes/LB1731.2/course/solutions/13-add-some-tests/src/app/leaflet/index.ts
FNF:0
FNH:0
DA:1,1
DA:2,1
DA:3,1
LF:3
LH:3
BRF:0
BRH:0
end_of_record
TN:
SF:/Volumes/LB1731.2/course/solutions/13-add-some-tests/node_modules/angular2-template-loader/index.js!/Volumes/LB1731.2/course/solutions/13-add-some-tests/node_modules/tslint-loader/index.js!/Volumes/LB1731.2/course/solutions/13-add-some-tests/src/app/leaflet/center.ts
FN:1,(anonymous_1)
FN:2,Center
FN:5,(anonymous_3)
FN:9,(anonymous_4)
FN:13,(anonymous_5)
FNF:5
FNH:1
FNDA:1,(anonymous_1)
FNDA:0,Center
FNDA:0,(anonymous_3)
FNDA:0,(anonymous_4)
FNDA:0,(anonymous_5)
DA:1,1
DA:2,1
DA:5,1
DA:6,0
DA:9,1
DA:10,0
DA:13,1
DA:14,0
DA:16,1
LF:9
LH:6
BRF:0
BRH:0
end_of_record
TN:
SF:/Volumes/LB1731.2/course/solutions/13-add-some-tests/node_modules/angular2-template-loader/index.js!/Volumes/LB1731.2/course/solutions/13-add-some-tests/node_modules/tslint-loader/index.js!/Volumes/LB1731.2/course/solutions/13-add-some-tests/src/app/leaflet/marker.ts
FN:1,(anonymous_1)
FN:3,Marker
FN:5,(anonymous_3)
FN:8,(anonymous_4)
FN:11,(anonymous_5)
FN:15,(anonymous_6)
FN:19,(anonymous_7)
FNF:7
FNH:1
FNDA:1,(anonymous_1)
FNDA:0,Marker
FNDA:0,(anonymous_3)
FNDA:0,(anonymous_4)
FNDA:0,(anonymous_5)
FNDA:0,(anonymous_6)
FNDA:0,(anonymous_7)
DA:1,1
DA:3,1
DA:5,1
DA:6,0
DA:8,1
DA:9,0
DA:11,1
DA:12,0
DA:15,1
DA:16,0
DA:19,1
DA:20,0
DA:22,1
LF:13
LH:8
BRDA:3,1,0,0
BRDA:3,1,1,0
BRDA:20,2,0,0
BRDA:20,2,1,0
BRF:4
BRH:0
end_of_record
TN:
SF:/Volumes/LB1731.2/course/solutions/13-add-some-tests/node_modules/angular2-template-loader/index.js!/Volumes/LB1731.2/course/solutions/13-add-some-tests/node_modules/tslint-loader/index.js!/Volumes/LB1731.2/course/solutions/13-add-some-tests/src/app/leaflet/leaflet.module.ts
FN:10,(anonymous_3)
FNF:1
FNH:1
FNDA:4,(anonymous_3)
DA:1,1
DA:2,1
DA:3,1
DA:5,1
DA:10,2
LF:5
LH:5
BRF:0
BRH:0
end_of_record
TN:
SF:/Volumes/LB1731.2/course/solutions/13-add-some-tests/node_modules/angular2-template-loader/index.js!/Volumes/LB1731.2/course/solutions/13-add-some-tests/node_modules/tslint-loader/index.js!/Volumes/LB1731.2/course/solutions/13-add-some-tests/src/app/leaflet/leaflet.component.ts
FN:21,(anonymous_3)
FN:36,LeafletComponent
FN:44,(anonymous_5)
FN:63,(anonymous_6)
FN:70,(anonymous_7)
FN:81,(anonymous_8)
FN:87,(anonymous_9)
FN:95,(anonymous_10)
FN:97,(anonymous_11)
FN:101,(anonymous_12)
FN:112,(anonymous_13)
FNF:11
FNH:2
FNDA:1,(anonymous_3)
FNDA:1,LeafletComponent
FNDA:0,(anonymous_5)
FNDA:0,(anonymous_6)
FNDA:0,(anonymous_7)
FNDA:0,(anonymous_8)
FNDA:0,(anonymous_9)
FNDA:0,(anonymous_10)
FNDA:0,(anonymous_11)
FNDA:0,(anonymous_12)
FNDA:0,(anonymous_13)
DA:2,1
DA:4,1
DA:7,1
DA:9,1
DA:12,1
DA:16,1
DA:21,1
DA:23,1
DA:27,1
DA:32,1
DA:36,1
DA:37,1
DA:44,1
DA:45,0
DA:46,0
DA:47,0
DA:48,0
DA:49,0
DA:50,0
DA:58,0
DA:59,0
DA:60,0
DA:63,1
DA:64,0
DA:65,0
DA:69,1
DA:70,1
DA:71,0
DA:72,0
DA:73,0
DA:74,0
DA:76,0
DA:77,0
DA:81,1
DA:82,0
DA:83,0
DA:86,1
DA:87,1
DA:88,0
DA:89,0
DA:90,0
DA:91,0
DA:95,1
DA:96,0
DA:97,0
DA:101,1
DA:103,0
DA:104,0
DA:105,0
DA:106,0
DA:107,0
DA:108,0
DA:112,1
DA:113,0
DA:114,0
DA:115,0
DA:116,0
DA:122,1
LF:58
LH:23
BRDA:64,1,0,0
BRDA:64,1,1,0
BRDA:72,2,0,0
BRDA:72,2,1,0
BRDA:73,3,0,0
BRDA:73,3,1,0
BRDA:73,4,0,0
BRDA:73,4,1,0
BRDA:76,5,0,0
BRDA:76,5,1,0
BRDA:76,6,0,0
BRDA:76,6,1,0
BRDA:90,7,0,0
BRDA:90,7,1,0
BRDA:96,8,0,0
BRDA:96,8,1,0
BRDA:96,9,0,0
BRDA:96,9,1,0
BRDA:96,9,2,0
BRDA:104,10,0,0
BRDA:104,10,1,0
BRDA:113,11,0,0
BRDA:113,11,1,0
BRF:23
BRH:0
end_of_record
TN:
SF:/Volumes/LB1731.2/course/solutions/13-add-some-tests/node_modules/angular2-template-loader/index.js!/Volumes/LB1731.2/course/solutions/13-add-some-tests/node_modules/tslint-loader/index.js!/Volumes/LB1731.2/course/solutions/13-add-some-tests/src/app/leaflet/marker-factory.ts
FN:5,(anonymous_1)
FN:9,(anonymous_3)
FNF:2
FNH:1
FNDA:1,(anonymous_1)
FNDA:0,(anonymous_3)
DA:3,1
DA:5,2
DA:6,1
DA:7,1
DA:9,1
DA:10,0
DA:21,1
LF:7
LH:6
BRDA:9,1,0,0
BRDA:9,1,1,0
BRF:2
BRH:0
end_of_record
TN:
SF:/Volumes/LB1731.2/course/solutions/13-add-some-tests/node_modules/angular2-template-loader/index.js!/Volumes/LB1731.2/course/solutions/13-add-some-tests/node_modules/tslint-loader/index.js!/Volumes/LB1731.2/course/solutions/13-add-some-tests/src/app/shared/mock-playgrounds.ts
FNF:0
FNH:0
DA:3,1
LF:1
LH:1
BRF:0
BRH:0
end_of_record
TN:
SF:/Volumes/LB1731.2/course/solutions/13-add-some-tests/node_modules/angular2-template-loader/index.js!/Volumes/LB1731.2/course/solutions/13-add-some-tests/node_modules/tslint-loader/index.js!/Volumes/LB1731.2/course/solutions/13-add-some-tests/src/app/app.routing.ts
FNF:0
FNH:0
DA:1,1
DA:3,1
DA:5,1
DA:21,1
LF:4
LH:4
BRF:0
BRH:0
end_of_record
